{
  "RSpec": {
    "coverage": {
      "/Users/apprentice/Desktop/woodchucks/gravitational-force/source/spec/controllers/attributes_controller_spec.rb": [
        1,
        1,
        null,
        1,
        1,
        1,
        0,
        0,
        null,
        null
      ],
      "/Users/apprentice/Desktop/woodchucks/gravitational-force/source/spec/rails_helper.rb": [
        null,
        1,
        1,
        1,
        1,
        1,
        1,
        null,
        null,
        null,
        null,
        null,
        null,
        null,
        null,
        1,
        null,
        null,
        null,
        1,
        null,
        1,
        1,
        1,
        null,
        1,
        null,
        null,
        null,
        null,
        1,
        null,
        null,
        null,
        null,
        null,
        null,
        null,
        null,
        null,
        null,
        null,
        null,
        null,
        null,
        1,
        null
      ],
      "/Users/apprentice/Desktop/woodchucks/gravitational-force/source/config/environment.rb": [
        null,
        1,
        null,
        null,
        1
      ],
      "/Users/apprentice/Desktop/woodchucks/gravitational-force/source/config/application.rb": [
        1,
        null,
        1,
        null,
        null,
        null,
        1,
        null,
        1,
        1,
        null,
        null,
        null,
        null,
        null,
        null,
        null,
        null,
        null,
        null,
        null,
        null,
        null
      ],
      "/Users/apprentice/Desktop/woodchucks/gravitational-force/source/config/boot.rb": [
        null,
        1,
        null,
        1
      ],
      "/Users/apprentice/Desktop/woodchucks/gravitational-force/source/config/environments/test.rb": [
        1,
        null,
        null,
        null,
        null,
        null,
        null,
        1,
        null,
        null,
        null,
        null,
        1,
        null,
        null,
        1,
        1,
        null,
        null,
        1,
        1,
        null,
        null,
        1,
        null,
        null,
        1,
        null,
        null,
        null,
        null,
        1,
        null,
        null,
        1,
        null,
        null,
        null,
        null
      ],
      "/Users/apprentice/Desktop/woodchucks/gravitational-force/source/config/initializers/assets.rb": [
        null,
        null,
        null,
        1,
        null,
        null,
        null,
        null
      ],
      "/Users/apprentice/Desktop/woodchucks/gravitational-force/source/config/initializers/backtrace_silencers.rb": [
        null,
        null,
        null,
        null,
        null,
        null,
        null
      ],
      "/Users/apprentice/Desktop/woodchucks/gravitational-force/source/config/initializers/cookies_serializer.rb": [
        null,
        null,
        1
      ],
      "/Users/apprentice/Desktop/woodchucks/gravitational-force/source/config/initializers/filter_parameter_logging.rb": [
        null,
        null,
        null,
        1
      ],
      "/Users/apprentice/Desktop/woodchucks/gravitational-force/source/config/initializers/inflections.rb": [
        null,
        null,
        null,
        null,
        null,
        null,
        null,
        null,
        null,
        null,
        null,
        null,
        null,
        null,
        null,
        null
      ],
      "/Users/apprentice/Desktop/woodchucks/gravitational-force/source/config/initializers/mime_types.rb": [
        null,
        null,
        null,
        null
      ],
      "/Users/apprentice/Desktop/woodchucks/gravitational-force/source/config/initializers/session_store.rb": [
        null,
        null,
        1
      ],
      "/Users/apprentice/Desktop/woodchucks/gravitational-force/source/config/initializers/wrap_parameters.rb": [
        null,
        null,
        null,
        null,
        null,
        null,
        1,
        1,
        null,
        null,
        null,
        null,
        null,
        null
      ],
      "/Users/apprentice/Desktop/woodchucks/gravitational-force/source/spec/factories/attributes.rb": [
        1,
        1,
        1,
        null,
        null
      ],
      "/Users/apprentice/Desktop/woodchucks/gravitational-force/source/spec/factories/traits.rb": [
        1,
        1,
        1,
        null,
        null
      ],
      "/Users/apprentice/Desktop/woodchucks/gravitational-force/source/spec/factories/users.rb": [
        1,
        null,
        1,
        1,
        3,
        3,
        3,
        3,
        null,
        null,
        null,
        null,
        null,
        null,
        null
      ],
      "/Users/apprentice/Desktop/woodchucks/gravitational-force/source/config/routes.rb": [
        1,
        1,
        1,
        1,
        null,
        1,
        null,
        null,
        null,
        null
      ],
      "/Users/apprentice/Desktop/woodchucks/gravitational-force/source/app/helpers/application_helper.rb": [
        1,
        null
      ],
      "/Users/apprentice/Desktop/woodchucks/gravitational-force/source/app/helpers/users_helper.rb": [
        1,
        null
      ],
      "/Users/apprentice/Desktop/woodchucks/gravitational-force/source/app/controllers/attributes_controller.rb": [
        1,
        1,
        5,
        null,
        null
      ],
      "/Users/apprentice/Desktop/woodchucks/gravitational-force/source/app/controllers/application_controller.rb": [
        1,
        null,
        null,
        1,
        null
      ],
      "/Users/apprentice/Desktop/woodchucks/gravitational-force/source/spec/controllers/users_controller_spec.rb": [
        1,
        1,
        null,
        1,
        null,
        1,
        1,
        1,
        1,
        null,
        null,
        null,
        1,
        1,
        1,
        1,
        1,
        null,
        null,
        null,
        null,
        null,
        null
      ],
      "/Users/apprentice/Desktop/woodchucks/gravitational-force/source/app/controllers/users_controller.rb": [
        1,
        null,
        1,
        null,
        null,
        null,
        1,
        0,
        0,
        0,
        0,
        null,
        0,
        null,
        null,
        null,
        1,
        null,
        null,
        1,
        1,
        1,
        1,
        1,
        null,
        0,
        null,
        null,
        null,
        null,
        1,
        0,
        null,
        null,
        1,
        null,
        1,
        1,
        null,
        null,
        null
      ],
      "/Users/apprentice/Desktop/woodchucks/gravitational-force/source/spec/features/attributes_spec.rb": [
        1,
        1,
        null,
        1,
        null,
        1,
        1,
        0,
        0,
        null,
        null,
        null
      ],
      "/Users/apprentice/Desktop/woodchucks/gravitational-force/source/spec/features/users_spec.rb": [
        1,
        1,
        null,
        1,
        null,
        1,
        1,
        null,
        null,
        null,
        null,
        1,
        null,
        1,
        1,
        0,
        0,
        0,
        0,
        0,
        0,
        null,
        0,
        null,
        0,
        0,
        null,
        null,
        1,
        1,
        0,
        0,
        0,
        0,
        0,
        null,
        0,
        0,
        null,
        null,
        null,
        null,
        1,
        null,
        1,
        null,
        1,
        1,
        0,
        0,
        0,
        0,
        null,
        0,
        0,
        null,
        null,
        1,
        1,
        0,
        0,
        0,
        0,
        null,
        0,
        0,
        null,
        null,
        null,
        null,
        null
      ],
      "/Users/apprentice/Desktop/woodchucks/gravitational-force/source/spec/helpers/users_helper_spec.rb": [
        1,
        null,
        null,
        null,
        null,
        null,
        null,
        null,
        null,
        null,
        null,
        null,
        1,
        1,
        null
      ],
      "/Users/apprentice/Desktop/woodchucks/gravitational-force/source/spec/models/rating_spec.rb": [
        1,
        null,
        1,
        2,
        null,
        1,
        1,
        null,
        null,
        null
      ],
      "/Users/apprentice/Desktop/woodchucks/gravitational-force/source/app/models/rating.rb": [
        1,
        1,
        1,
        1,
        null
      ],
      "/Users/apprentice/Desktop/woodchucks/gravitational-force/source/spec/models/trait_spec.rb": [
        1,
        null,
        1,
        2,
        null,
        1,
        1,
        null,
        null,
        null
      ],
      "/Users/apprentice/Desktop/woodchucks/gravitational-force/source/app/models/trait.rb": [
        1,
        null,
        1,
        1,
        null
      ],
      "/Users/apprentice/Desktop/woodchucks/gravitational-force/source/spec/models/user_spec.rb": [
        1,
        null,
        1,
        2,
        null,
        1,
        1,
        null,
        null,
        1,
        2,
        null,
        null,
        null
      ],
      "/Users/apprentice/Desktop/woodchucks/gravitational-force/source/app/models/user.rb": [
        1,
        1,
        null,
        1,
        1,
        null,
        1,
        1,
        1,
        null,
        null
      ]
    },
    "timestamp": 1405716377
  }
}
